# JRE version: Java(TM) SE Runtime Environment (21.0.7+8) (build 21.0.7+8-LTS-245)
# Java VM: Java HotSpot(TM) 64-Bit Server VM (21.0.7+8-LTS-245, mixed mode, sharing, tiered, compressed oops, compressed class ptrs, g1 gc, windows-amd64)
GC Precious Log:
 CardTable entry size: 512
 Card Set container configuration: InlinePtr #cards 4 size 8 Array Of Cards #cards 16 size 48 Howl #buckets 8 coarsen threshold 3686 Howl Bitmap #cards 512 size 80 coarsen threshold 460 Card regions per heap region 1 cards per card region 4096
 CPUs: 16 total, 16 available
 Memory: 15610M
 Large Page Support: Disabled
 NUMA Support: Disabled
 Compressed Oops: Enabled (Zero based)
 Heap Region Size: 2M
 Heap Min Capacity: 8M
 Heap Initial Capacity: 244M
 Heap Max Capacity: 3904M
 Pre-touch: Disabled
 Parallel Workers: 13
 Concurrent Workers: 3
 Concurrent Refinement Workers: 13
 Periodic GC: Disabled
Heap:
 garbage-first heap   total 366592K, used 218578K [0x000000070c000000, 0x0000000800000000)
  region size 2048K, 34 young (69632K), 5 survivors (10240K)
 Metaspace       used 69514K, committed 70912K, reserved 1114112K
  class space    used 9924K, committed 10560K, reserved 1048576K
GC Heap History (20 events):
Event: 6.357 GC heap before
{Heap before GC invocations=12 (full 0):
 garbage-first heap   total 212992K, used 188077K [0x000000070c000000, 0x0000000800000000)
  region size 2048K, 58 young (118784K), 2 survivors (4096K)
 Metaspace       used 32387K, committed 33344K, reserved 1114112K
  class space    used 3716K, committed 4096K, reserved 1048576K
}
Event: 6.360 GC heap after
{Heap after GC invocations=13 (full 0):
 garbage-first heap   total 212992K, used 75552K [0x000000070c000000, 0x0000000800000000)
  region size 2048K, 2 young (4096K), 2 survivors (4096K)
 Metaspace       used 32387K, committed 33344K, reserved 1114112K
  class space    used 3716K, committed 4096K, reserved 1048576K
}
Event: 6.512 GC heap before
{Heap before GC invocations=13 (full 0):
 garbage-first heap   total 212992K, used 194336K [0x000000070c000000, 0x0000000800000000)
  region size 2048K, 60 young (122880K), 2 survivors (4096K)
 Metaspace       used 32430K, committed 33408K, reserved 1114112K
  class space    used 3721K, committed 4096K, reserved 1048576K
}
Event: 6.515 GC heap after
{Heap after GC invocations=14 (full 0):
 garbage-first heap   total 212992K, used 77625K [0x000000070c000000, 0x0000000800000000)
  region size 2048K, 3 young (6144K), 3 survivors (6144K)
 Metaspace       used 32430K, committed 33408K, reserved 1114112K
  class space    used 3721K, committed 4096K, reserved 1048576K
}
Event: 6.732 GC heap before
{Heap before GC invocations=14 (full 0):
 garbage-first heap   total 212992K, used 192313K [0x000000070c000000, 0x0000000800000000)
  region size 2048K, 60 young (122880K), 3 survivors (6144K)
 Metaspace       used 33852K, committed 34880K, reserved 1114112K
  class space    used 3915K, committed 4352K, reserved 1048576K
}
Event: 6.737 GC heap after
{Heap after GC invocations=15 (full 0):
 garbage-first heap   total 256000K, used 79619K [0x000000070c000000, 0x0000000800000000)
  region size 2048K, 4 young (8192K), 4 survivors (8192K)
 Metaspace       used 33852K, committed 34880K, reserved 1114112K
  class space    used 3915K, committed 4352K, reserved 1048576K
}
Event: 6.900 GC heap before
{Heap before GC invocations=15 (full 0):
 garbage-first heap   total 256000K, used 108291K [0x000000070c000000, 0x0000000800000000)
  region size 2048K, 13 young (26624K), 4 survivors (8192K)
 Metaspace       used 35025K, committed 35968K, reserved 1114112K
  class space    used 4076K, committed 4480K, reserved 1048576K
}
Event: 6.906 GC heap after
{Heap after GC invocations=16 (full 0):
 garbage-first heap   total 256000K, used 92410K [0x000000070c000000, 0x0000000800000000)
  region size 2048K, 5 young (10240K), 5 survivors (10240K)
 Metaspace       used 35025K, committed 35968K, reserved 1114112K
  class space    used 4076K, committed 4480K, reserved 1048576K
}
Event: 10.692 GC heap before
{Heap before GC invocations=17 (full 0):
 garbage-first heap   total 256000K, used 229626K [0x000000070c000000, 0x0000000800000000)
  region size 2048K, 72 young (147456K), 5 survivors (10240K)
 Metaspace       used 45128K, committed 46208K, reserved 1114112K
  class space    used 5550K, committed 6016K, reserved 1048576K
}
Event: 10.700 GC heap after
{Heap after GC invocations=18 (full 0):
 garbage-first heap   total 256000K, used 98105K [0x000000070c000000, 0x0000000800000000)
  region size 2048K, 7 young (14336K), 7 survivors (14336K)
 Metaspace       used 45128K, committed 46208K, reserved 1114112K
  class space    used 5550K, committed 6016K, reserved 1048576K
}
Event: 11.526 GC heap before
{Heap before GC invocations=18 (full 0):
 garbage-first heap   total 256000K, used 227129K [0x000000070c000000, 0x0000000800000000)
  region size 2048K, 70 young (143360K), 7 survivors (14336K)
 Metaspace       used 47742K, committed 48896K, reserved 1114112K
  class space    used 5926K, committed 6400K, reserved 1048576K
}
Event: 11.548 GC heap after
{Heap after GC invocations=19 (full 0):
 garbage-first heap   total 256000K, used 108377K [0x000000070c000000, 0x0000000800000000)
  region size 2048K, 9 young (18432K), 9 survivors (18432K)
 Metaspace       used 47742K, committed 48896K, reserved 1114112K
  class space    used 5926K, committed 6400K, reserved 1048576K
}
Event: 11.754 GC heap before
{Heap before GC invocations=19 (full 0):
 garbage-first heap   total 256000K, used 221017K [0x000000070c000000, 0x0000000800000000)
  region size 2048K, 64 young (131072K), 9 survivors (18432K)
 Metaspace       used 47956K, committed 49152K, reserved 1114112K
  class space    used 5966K, committed 6464K, reserved 1048576K
}
Event: 11.776 GC heap after
{Heap after GC invocations=20 (full 0):
 garbage-first heap   total 256000K, used 122522K [0x000000070c000000, 0x0000000800000000)
  region size 2048K, 7 young (14336K), 7 survivors (14336K)
 Metaspace       used 47956K, committed 49152K, reserved 1114112K
  class space    used 5966K, committed 6464K, reserved 1048576K
}
Event: 12.333 GC heap before
{Heap before GC invocations=20 (full 0):
 garbage-first heap   total 256000K, used 224922K [0x000000070c000000, 0x0000000800000000)
  region size 2048K, 57 young (116736K), 7 survivors (14336K)
 Metaspace       used 50431K, committed 51648K, reserved 1114112K
  class space    used 6377K, committed 6912K, reserved 1048576K
}
Event: 12.347 GC heap after
{Heap after GC invocations=21 (full 0):
 garbage-first heap   total 256000K, used 133864K [0x000000070c000000, 0x0000000800000000)
  region size 2048K, 6 young (12288K), 6 survivors (12288K)
 Metaspace       used 50431K, committed 51648K, reserved 1114112K
  class space    used 6377K, committed 6912K, reserved 1048576K
}
Event: 13.138 GC heap before
{Heap before GC invocations=21 (full 0):
 garbage-first heap   total 256000K, used 226024K [0x000000070c000000, 0x0000000800000000)
  region size 2048K, 51 young (104448K), 6 survivors (12288K)
 Metaspace       used 55460K, committed 56704K, reserved 1114112K
  class space    used 7199K, committed 7744K, reserved 1048576K
}
Event: 13.158 GC heap after
{Heap after GC invocations=22 (full 0):
 garbage-first heap   total 366592K, used 153071K [0x000000070c000000, 0x0000000800000000)
  region size 2048K, 7 young (14336K), 7 survivors (14336K)
 Metaspace       used 55460K, committed 56704K, reserved 1114112K
  class space    used 7199K, committed 7744K, reserved 1048576K
}
Event: 14.692 GC heap before
{Heap before GC invocations=23 (full 0):
 garbage-first heap   total 366592K, used 318959K [0x000000070c000000, 0x0000000800000000)
  region size 2048K, 88 young (180224K), 7 survivors (14336K)
 Metaspace       used 65213K, committed 66496K, reserved 1114112K
  class space    used 9253K, committed 9792K, reserved 1048576K
}
Event: 14.704 GC heap after
{Heap after GC invocations=24 (full 0):
 garbage-first heap   total 366592K, used 163282K [0x000000070c000000, 0x0000000800000000)
  region size 2048K, 5 young (10240K), 5 survivors (10240K)
 Metaspace       used 65213K, committed 66496K, reserved 1114112K
  class space    used 9253K, committed 9792K, reserved 1048576K
}

