# JRE version: Java(TM) SE Runtime Environment (21.0.7+8) (build 21.0.7+8-LTS-245)
# Java VM: Java HotSpot(TM) 64-Bit Server VM (21.0.7+8-LTS-245, mixed mode, sharing, tiered, compressed oops, compressed class ptrs, g1 gc, windows-amd64)
GC Precious Log:
 CardTable entry size: 512
 Card Set container configuration: InlinePtr #cards 4 size 8 Array Of Cards #cards 16 size 48 Howl #buckets 8 coarsen threshold 3686 Howl Bitmap #cards 512 size 80 coarsen threshold 460 Card regions per heap region 1 cards per card region 4096
 CPUs: 16 total, 16 available
 Memory: 15610M
 Large Page Support: Disabled
 NUMA Support: Disabled
 Compressed Oops: Enabled (Zero based)
 Heap Region Size: 2M
 Heap Min Capacity: 8M
 Heap Initial Capacity: 244M
 Heap Max Capacity: 3904M
 Pre-touch: Disabled
 Parallel Workers: 13
 Concurrent Workers: 3
 Concurrent Refinement Workers: 13
 Periodic GC: Disabled
Heap:
 garbage-first heap   total 348160K, used 207902K [0x000000070c000000, 0x0000000800000000)
  region size 2048K, 24 young (49152K), 5 survivors (10240K)
 Metaspace       used 69506K, committed 70912K, reserved 1114112K
  class space    used 9930K, committed 10560K, reserved 1048576K
GC Heap History (20 events):
Event: 3.699 GC heap before
{Heap before GC invocations=12 (full 0):
 garbage-first heap   total 215040K, used 189352K [0x000000070c000000, 0x0000000800000000)
  region size 2048K, 56 young (114688K), 2 survivors (4096K)
 Metaspace       used 32409K, committed 33344K, reserved 1114112K
  class space    used 3722K, committed 4096K, reserved 1048576K
}
Event: 3.700 GC heap after
{Heap after GC invocations=13 (full 0):
 garbage-first heap   total 215040K, used 81309K [0x000000070c000000, 0x0000000800000000)
  region size 2048K, 2 young (4096K), 2 survivors (4096K)
 Metaspace       used 32409K, committed 33344K, reserved 1114112K
  class space    used 3722K, committed 4096K, reserved 1048576K
}
Event: 3.795 GC heap before
{Heap before GC invocations=13 (full 0):
 garbage-first heap   total 215040K, used 195997K [0x000000070c000000, 0x0000000800000000)
  region size 2048K, 58 young (118784K), 2 survivors (4096K)
 Metaspace       used 32424K, committed 33472K, reserved 1114112K
  class space    used 3725K, committed 4160K, reserved 1048576K
}
Event: 3.798 GC heap after
{Heap after GC invocations=14 (full 0):
 garbage-first heap   total 215040K, used 82398K [0x000000070c000000, 0x0000000800000000)
  region size 2048K, 3 young (6144K), 3 survivors (6144K)
 Metaspace       used 32424K, committed 33472K, reserved 1114112K
  class space    used 3725K, committed 4160K, reserved 1048576K
}
Event: 3.957 GC heap before
{Heap before GC invocations=14 (full 0):
 garbage-first heap   total 215040K, used 195038K [0x000000070c000000, 0x0000000800000000)
  region size 2048K, 58 young (118784K), 3 survivors (6144K)
 Metaspace       used 33917K, committed 34944K, reserved 1114112K
  class space    used 3927K, committed 4416K, reserved 1048576K
}
Event: 3.962 GC heap after
{Heap after GC invocations=15 (full 0):
 garbage-first heap   total 258048K, used 85317K [0x000000070c000000, 0x0000000800000000)
  region size 2048K, 4 young (8192K), 4 survivors (8192K)
 Metaspace       used 33917K, committed 34944K, reserved 1114112K
  class space    used 3927K, committed 4416K, reserved 1048576K
}
Event: 4.066 GC heap before
{Heap before GC invocations=15 (full 0):
 garbage-first heap   total 258048K, used 156997K [0x000000070c000000, 0x0000000800000000)
  region size 2048K, 34 young (69632K), 4 survivors (8192K)
 Metaspace       used 35003K, committed 35968K, reserved 1114112K
  class space    used 4077K, committed 4480K, reserved 1048576K
}
Event: 4.069 GC heap after
{Heap after GC invocations=16 (full 0):
 garbage-first heap   total 258048K, used 98760K [0x000000070c000000, 0x0000000800000000)
  region size 2048K, 5 young (10240K), 5 survivors (10240K)
 Metaspace       used 35003K, committed 35968K, reserved 1114112K
  class space    used 4077K, committed 4480K, reserved 1048576K
}
Event: 6.978 GC heap before
{Heap before GC invocations=17 (full 0):
 garbage-first heap   total 258048K, used 229832K [0x000000070c000000, 0x0000000800000000)
  region size 2048K, 70 young (143360K), 5 survivors (10240K)
 Metaspace       used 44511K, committed 45696K, reserved 1114112K
  class space    used 5461K, committed 5952K, reserved 1048576K
}
Event: 6.983 GC heap after
{Heap after GC invocations=18 (full 0):
 garbage-first heap   total 258048K, used 104192K [0x000000070c000000, 0x0000000800000000)
  region size 2048K, 7 young (14336K), 7 survivors (14336K)
 Metaspace       used 44511K, committed 45696K, reserved 1114112K
  class space    used 5461K, committed 5952K, reserved 1048576K
}
Event: 7.396 GC heap before
{Heap before GC invocations=18 (full 0):
 garbage-first heap   total 258048K, used 229120K [0x000000070c000000, 0x0000000800000000)
  region size 2048K, 68 young (139264K), 7 survivors (14336K)
 Metaspace       used 47614K, committed 48768K, reserved 1114112K
  class space    used 5910K, committed 6400K, reserved 1048576K
}
Event: 7.409 GC heap after
{Heap after GC invocations=19 (full 0):
 garbage-first heap   total 258048K, used 113851K [0x000000070c000000, 0x0000000800000000)
  region size 2048K, 9 young (18432K), 9 survivors (18432K)
 Metaspace       used 47614K, committed 48768K, reserved 1114112K
  class space    used 5910K, committed 6400K, reserved 1048576K
}
Event: 7.567 GC heap before
{Heap before GC invocations=19 (full 0):
 garbage-first heap   total 258048K, used 224443K [0x000000070c000000, 0x0000000800000000)
  region size 2048K, 63 young (129024K), 9 survivors (18432K)
 Metaspace       used 47975K, committed 49152K, reserved 1114112K
  class space    used 5971K, committed 6464K, reserved 1048576K
}
Event: 7.580 GC heap after
{Heap after GC invocations=20 (full 0):
 garbage-first heap   total 260096K, used 128949K [0x000000070c000000, 0x0000000800000000)
  region size 2048K, 7 young (14336K), 7 survivors (14336K)
 Metaspace       used 47975K, committed 49152K, reserved 1114112K
  class space    used 5971K, committed 6464K, reserved 1048576K
}
Event: 7.777 GC heap before
{Heap before GC invocations=20 (full 0):
 garbage-first heap   total 260096K, used 229301K [0x000000070c000000, 0x0000000800000000)
  region size 2048K, 56 young (114688K), 7 survivors (14336K)
 Metaspace       used 49144K, committed 50368K, reserved 1114112K
  class space    used 6163K, committed 6656K, reserved 1048576K
}
Event: 7.787 GC heap after
{Heap after GC invocations=21 (full 0):
 garbage-first heap   total 348160K, used 140522K [0x000000070c000000, 0x0000000800000000)
  region size 2048K, 6 young (12288K), 6 survivors (12288K)
 Metaspace       used 49144K, committed 50368K, reserved 1114112K
  class space    used 6163K, committed 6656K, reserved 1048576K
}
Event: 8.598 GC heap before
{Heap before GC invocations=21 (full 0):
 garbage-first heap   total 348160K, used 285930K [0x000000070c000000, 0x0000000800000000)
  region size 2048K, 79 young (161792K), 6 survivors (12288K)
 Metaspace       used 59265K, committed 60480K, reserved 1114112K
  class space    used 8114K, committed 8640K, reserved 1048576K
}
Event: 8.607 GC heap after
{Heap after GC invocations=22 (full 0):
 garbage-first heap   total 348160K, used 160067K [0x000000070c000000, 0x0000000800000000)
  region size 2048K, 12 young (24576K), 12 survivors (24576K)
 Metaspace       used 59265K, committed 60480K, reserved 1114112K
  class space    used 8114K, committed 8640K, reserved 1048576K
}
Event: 9.334 GC heap before
{Heap before GC invocations=23 (full 0):
 garbage-first heap   total 348160K, used 303427K [0x000000070c000000, 0x0000000800000000)
  region size 2048K, 82 young (167936K), 12 survivors (24576K)
 Metaspace       used 66599K, committed 67904K, reserved 1114112K
  class space    used 9502K, committed 10048K, reserved 1048576K
}
Event: 9.343 GC heap after
{Heap after GC invocations=24 (full 0):
 garbage-first heap   total 348160K, used 171038K [0x000000070c000000, 0x0000000800000000)
  region size 2048K, 5 young (10240K), 5 survivors (10240K)
 Metaspace       used 66599K, committed 67904K, reserved 1114112K
  class space    used 9502K, committed 10048K, reserved 1048576K
}

