# JRE version: Java(TM) SE Runtime Environment (21.0.7+8) (build 21.0.7+8-LTS-245)
# Java VM: Java HotSpot(TM) 64-Bit Server VM (21.0.7+8-LTS-245, mixed mode, sharing, tiered, compressed oops, compressed class ptrs, g1 gc, windows-amd64)
GC Precious Log:
 CardTable entry size: 512
 Card Set container configuration: InlinePtr #cards 4 size 8 Array Of Cards #cards 16 size 48 Howl #buckets 8 coarsen threshold 3686 Howl Bitmap #cards 512 size 80 coarsen threshold 460 Card regions per heap region 1 cards per card region 4096
 CPUs: 16 total, 16 available
 Memory: 15610M
 Large Page Support: Disabled
 NUMA Support: Disabled
 Compressed Oops: Enabled (Zero based)
 Heap Region Size: 2M
 Heap Min Capacity: 8M
 Heap Initial Capacity: 244M
 Heap Max Capacity: 3904M
 Pre-touch: Disabled
 Parallel Workers: 13
 Concurrent Workers: 3
 Concurrent Refinement Workers: 13
 Periodic GC: Disabled
Heap:
 garbage-first heap   total 372736K, used 212625K [0x000000070c000000, 0x0000000800000000)
  region size 2048K, 29 young (59392K), 5 survivors (10240K)
 Metaspace       used 69508K, committed 70848K, reserved 1114112K
  class space    used 9919K, committed 10496K, reserved 1048576K
GC Heap History (20 events):
Event: 6.777 GC heap before
{Heap before GC invocations=12 (full 0):
 garbage-first heap   total 212992K, used 186872K [0x000000070c000000, 0x0000000800000000)
  region size 2048K, 58 young (118784K), 2 survivors (4096K)
 Metaspace       used 32395K, committed 33344K, reserved 1114112K
  class space    used 3716K, committed 4096K, reserved 1048576K
}
Event: 6.780 GC heap after
{Heap after GC invocations=13 (full 0):
 garbage-first heap   total 212992K, used 75035K [0x000000070c000000, 0x0000000800000000)
  region size 2048K, 2 young (4096K), 2 survivors (4096K)
 Metaspace       used 32395K, committed 33344K, reserved 1114112K
  class space    used 3716K, committed 4096K, reserved 1048576K
}
Event: 6.970 GC heap before
{Heap before GC invocations=13 (full 0):
 garbage-first heap   total 212992K, used 191771K [0x000000070c000000, 0x0000000800000000)
  region size 2048K, 60 young (122880K), 2 survivors (4096K)
 Metaspace       used 32636K, committed 33600K, reserved 1114112K
  class space    used 3750K, committed 4160K, reserved 1048576K
}
Event: 6.974 GC heap after
{Heap after GC invocations=14 (full 0):
 garbage-first heap   total 212992K, used 76849K [0x000000070c000000, 0x0000000800000000)
  region size 2048K, 3 young (6144K), 3 survivors (6144K)
 Metaspace       used 32636K, committed 33600K, reserved 1114112K
  class space    used 3750K, committed 4160K, reserved 1048576K
}
Event: 7.222 GC heap before
{Heap before GC invocations=14 (full 0):
 garbage-first heap   total 212992K, used 193585K [0x000000070c000000, 0x0000000800000000)
  region size 2048K, 60 young (122880K), 3 survivors (6144K)
 Metaspace       used 34407K, committed 35392K, reserved 1114112K
  class space    used 3996K, committed 4416K, reserved 1048576K
}
Event: 7.228 GC heap after
{Heap after GC invocations=15 (full 0):
 garbage-first heap   total 256000K, used 79326K [0x000000070c000000, 0x0000000800000000)
  region size 2048K, 4 young (8192K), 4 survivors (8192K)
 Metaspace       used 34407K, committed 35392K, reserved 1114112K
  class space    used 3996K, committed 4416K, reserved 1048576K
}
Event: 7.319 GC heap before
{Heap before GC invocations=15 (full 0):
 garbage-first heap   total 256000K, used 97758K [0x000000070c000000, 0x0000000800000000)
  region size 2048K, 14 young (28672K), 4 survivors (8192K)
 Metaspace       used 34974K, committed 35968K, reserved 1114112K
  class space    used 4071K, committed 4480K, reserved 1048576K
}
Event: 7.324 GC heap after
{Heap after GC invocations=16 (full 0):
 garbage-first heap   total 256000K, used 80013K [0x000000070c000000, 0x0000000800000000)
  region size 2048K, 5 young (10240K), 5 survivors (10240K)
 Metaspace       used 34974K, committed 35968K, reserved 1114112K
  class space    used 4071K, committed 4480K, reserved 1048576K
}
Event: 11.382 GC heap before
{Heap before GC invocations=17 (full 0):
 garbage-first heap   total 256000K, used 235661K [0x000000070c000000, 0x0000000800000000)
  region size 2048K, 75 young (153600K), 5 survivors (10240K)
 Metaspace       used 45697K, committed 46848K, reserved 1114112K
  class space    used 5596K, committed 6080K, reserved 1048576K
}
Event: 11.392 GC heap after
{Heap after GC invocations=18 (full 0):
 garbage-first heap   total 256000K, used 98259K [0x000000070c000000, 0x0000000800000000)
  region size 2048K, 8 young (16384K), 8 survivors (16384K)
 Metaspace       used 45697K, committed 46848K, reserved 1114112K
  class space    used 5596K, committed 6080K, reserved 1048576K
}
Event: 12.146 GC heap before
{Heap before GC invocations=18 (full 0):
 garbage-first heap   total 256000K, used 223187K [0x000000070c000000, 0x0000000800000000)
  region size 2048K, 69 young (141312K), 8 survivors (16384K)
 Metaspace       used 47746K, committed 48960K, reserved 1114112K
  class space    used 5925K, committed 6400K, reserved 1048576K
}
Event: 12.165 GC heap after
{Heap after GC invocations=19 (full 0):
 garbage-first heap   total 256000K, used 108544K [0x000000070c000000, 0x0000000800000000)
  region size 2048K, 9 young (18432K), 9 survivors (18432K)
 Metaspace       used 47746K, committed 48960K, reserved 1114112K
  class space    used 5925K, committed 6400K, reserved 1048576K
}
Event: 12.417 GC heap before
{Heap before GC invocations=19 (full 0):
 garbage-first heap   total 256000K, used 223232K [0x000000070c000000, 0x0000000800000000)
  region size 2048K, 65 young (133120K), 9 survivors (18432K)
 Metaspace       used 47959K, committed 49152K, reserved 1114112K
  class space    used 5964K, committed 6464K, reserved 1048576K
}
Event: 12.444 GC heap after
{Heap after GC invocations=20 (full 0):
 garbage-first heap   total 260096K, used 125085K [0x000000070c000000, 0x0000000800000000)
  region size 2048K, 8 young (16384K), 8 survivors (16384K)
 Metaspace       used 47959K, committed 49152K, reserved 1114112K
  class space    used 5964K, committed 6464K, reserved 1048576K
}
Event: 12.960 GC heap before
{Heap before GC invocations=20 (full 0):
 garbage-first heap   total 260096K, used 227485K [0x000000070c000000, 0x0000000800000000)
  region size 2048K, 58 young (118784K), 8 survivors (16384K)
 Metaspace       used 50222K, committed 51456K, reserved 1114112K
  class space    used 6340K, committed 6848K, reserved 1048576K
}
Event: 12.974 GC heap after
{Heap after GC invocations=21 (full 0):
 garbage-first heap   total 260096K, used 134137K [0x000000070c000000, 0x0000000800000000)
  region size 2048K, 5 young (10240K), 5 survivors (10240K)
 Metaspace       used 50222K, committed 51456K, reserved 1114112K
  class space    used 6340K, committed 6848K, reserved 1048576K
}
Event: 13.940 GC heap before
{Heap before GC invocations=21 (full 0):
 garbage-first heap   total 260096K, used 232441K [0x000000070c000000, 0x0000000800000000)
  region size 2048K, 54 young (110592K), 5 survivors (10240K)
 Metaspace       used 55939K, committed 57152K, reserved 1114112K
  class space    used 7318K, committed 7808K, reserved 1048576K
}
Event: 13.955 GC heap after
{Heap after GC invocations=22 (full 0):
 garbage-first heap   total 372736K, used 154033K [0x000000070c000000, 0x0000000800000000)
  region size 2048K, 7 young (14336K), 7 survivors (14336K)
 Metaspace       used 55939K, committed 57152K, reserved 1114112K
  class space    used 7318K, committed 7808K, reserved 1048576K
}
Event: 15.583 GC heap before
{Heap before GC invocations=23 (full 0):
 garbage-first heap   total 372736K, used 324017K [0x000000070c000000, 0x0000000800000000)
  region size 2048K, 90 young (184320K), 7 survivors (14336K)
 Metaspace       used 65983K, committed 67264K, reserved 1114112K
  class space    used 9386K, committed 9920K, reserved 1048576K
}
Event: 15.596 GC heap after
{Heap after GC invocations=24 (full 0):
 garbage-first heap   total 372736K, used 165521K [0x000000070c000000, 0x0000000800000000)
  region size 2048K, 5 young (10240K), 5 survivors (10240K)
 Metaspace       used 65983K, committed 67264K, reserved 1114112K
  class space    used 9386K, committed 9920K, reserved 1048576K
}

