# JRE version: Java(TM) SE Runtime Environment (21.0.7+8) (build 21.0.7+8-LTS-245)
# Java VM: Java HotSpot(TM) 64-Bit Server VM (21.0.7+8-LTS-245, mixed mode, sharing, tiered, compressed oops, compressed class ptrs, g1 gc, windows-amd64)
GC Precious Log:
 CardTable entry size: 512
 Card Set container configuration: InlinePtr #cards 4 size 8 Array Of Cards #cards 16 size 48 Howl #buckets 8 coarsen threshold 3686 Howl Bitmap #cards 512 size 80 coarsen threshold 460 Card regions per heap region 1 cards per card region 4096
 CPUs: 16 total, 16 available
 Memory: 15610M
 Large Page Support: Disabled
 NUMA Support: Disabled
 Compressed Oops: Enabled (Zero based)
 Heap Region Size: 2M
 Heap Min Capacity: 8M
 Heap Initial Capacity: 244M
 Heap Max Capacity: 3904M
 Pre-touch: Disabled
 Parallel Workers: 13
 Concurrent Workers: 3
 Concurrent Refinement Workers: 13
 Periodic GC: Disabled
Heap:
 garbage-first heap   total 360448K, used 210365K [0x000000070c000000, 0x0000000800000000)
  region size 2048K, 26 young (53248K), 4 survivors (8192K)
 Metaspace       used 69524K, committed 70912K, reserved 1114112K
  class space    used 9925K, committed 10496K, reserved 1048576K
GC Heap History (20 events):
Event: 4.078 GC heap before
{Heap before GC invocations=12 (full 0):
 garbage-first heap   total 225280K, used 201848K [0x000000070c000000, 0x0000000800000000)
  region size 2048K, 61 young (124928K), 2 survivors (4096K)
 Metaspace       used 32427K, committed 33344K, reserved 1114112K
  class space    used 3721K, committed 4096K, reserved 1048576K
}
Event: 4.080 GC heap after
{Heap after GC invocations=13 (full 0):
 garbage-first heap   total 225280K, used 81649K [0x000000070c000000, 0x0000000800000000)
  region size 2048K, 2 young (4096K), 2 survivors (4096K)
 Metaspace       used 32427K, committed 33344K, reserved 1114112K
  class space    used 3721K, committed 4096K, reserved 1048576K
}
Event: 4.183 GC heap before
{Heap before GC invocations=13 (full 0):
 garbage-first heap   total 225280K, used 206577K [0x000000070c000000, 0x0000000800000000)
  region size 2048K, 63 young (129024K), 2 survivors (4096K)
 Metaspace       used 32440K, committed 33344K, reserved 1114112K
  class space    used 3723K, committed 4096K, reserved 1048576K
}
Event: 4.187 GC heap after
{Heap after GC invocations=14 (full 0):
 garbage-first heap   total 225280K, used 83630K [0x000000070c000000, 0x0000000800000000)
  region size 2048K, 3 young (6144K), 3 survivors (6144K)
 Metaspace       used 32440K, committed 33344K, reserved 1114112K
  class space    used 3723K, committed 4096K, reserved 1048576K
}
Event: 4.375 GC heap before
{Heap before GC invocations=14 (full 0):
 garbage-first heap   total 225280K, used 204462K [0x000000070c000000, 0x0000000800000000)
  region size 2048K, 63 young (129024K), 3 survivors (6144K)
 Metaspace       used 33657K, committed 34688K, reserved 1114112K
  class space    used 3881K, committed 4352K, reserved 1048576K
}
Event: 4.380 GC heap after
{Heap after GC invocations=15 (full 0):
 garbage-first heap   total 270336K, used 85745K [0x000000070c000000, 0x0000000800000000)
  region size 2048K, 4 young (8192K), 4 survivors (8192K)
 Metaspace       used 33657K, committed 34688K, reserved 1114112K
  class space    used 3881K, committed 4352K, reserved 1048576K
}
Event: 4.477 GC heap before
{Heap before GC invocations=15 (full 0):
 garbage-first heap   total 270336K, used 95985K [0x000000070c000000, 0x0000000800000000)
  region size 2048K, 10 young (20480K), 4 survivors (8192K)
 Metaspace       used 34953K, committed 35968K, reserved 1114112K
  class space    used 4067K, committed 4480K, reserved 1048576K
}
Event: 4.480 GC heap after
{Heap after GC invocations=16 (full 0):
 garbage-first heap   total 270336K, used 86198K [0x000000070c000000, 0x0000000800000000)
  region size 2048K, 5 young (10240K), 5 survivors (10240K)
 Metaspace       used 34953K, committed 35968K, reserved 1114112K
  class space    used 4067K, committed 4480K, reserved 1048576K
}
Event: 6.027 GC heap before
{Heap before GC invocations=17 (full 0):
 garbage-first heap   total 270336K, used 247990K [0x000000070c000000, 0x0000000800000000)
  region size 2048K, 79 young (161792K), 5 survivors (10240K)
 Metaspace       used 46009K, committed 47168K, reserved 1114112K
  class space    used 5633K, committed 6144K, reserved 1048576K
}
Event: 6.034 GC heap after
{Heap after GC invocations=18 (full 0):
 garbage-first heap   total 270336K, used 105169K [0x000000070c000000, 0x0000000800000000)
  region size 2048K, 8 young (16384K), 8 survivors (16384K)
 Metaspace       used 46009K, committed 47168K, reserved 1114112K
  class space    used 5633K, committed 6144K, reserved 1048576K
}
Event: 6.415 GC heap before
{Heap before GC invocations=18 (full 0):
 garbage-first heap   total 270336K, used 236241K [0x000000070c000000, 0x0000000800000000)
  region size 2048K, 72 young (147456K), 8 survivors (16384K)
 Metaspace       used 47810K, committed 48960K, reserved 1114112K
  class space    used 5931K, committed 6400K, reserved 1048576K
}
Event: 6.429 GC heap after
{Heap after GC invocations=19 (full 0):
 garbage-first heap   total 270336K, used 116697K [0x000000070c000000, 0x0000000800000000)
  region size 2048K, 9 young (18432K), 9 survivors (18432K)
 Metaspace       used 47810K, committed 48960K, reserved 1114112K
  class space    used 5931K, committed 6400K, reserved 1048576K
}
Event: 6.630 GC heap before
{Heap before GC invocations=19 (full 0):
 garbage-first heap   total 270336K, used 233433K [0x000000070c000000, 0x0000000800000000)
  region size 2048K, 66 young (135168K), 9 survivors (18432K)
 Metaspace       used 48315K, committed 49408K, reserved 1114112K
  class space    used 6004K, committed 6464K, reserved 1048576K
}
Event: 6.643 GC heap after
{Heap after GC invocations=20 (full 0):
 garbage-first heap   total 270336K, used 130414K [0x000000070c000000, 0x0000000800000000)
  region size 2048K, 7 young (14336K), 7 survivors (14336K)
 Metaspace       used 48315K, committed 49408K, reserved 1114112K
  class space    used 6004K, committed 6464K, reserved 1048576K
}
Event: 7.028 GC heap before
{Heap before GC invocations=20 (full 0):
 garbage-first heap   total 270336K, used 236910K [0x000000070c000000, 0x0000000800000000)
  region size 2048K, 59 young (120832K), 7 survivors (14336K)
 Metaspace       used 51856K, committed 52992K, reserved 1114112K
  class space    used 6559K, committed 7040K, reserved 1048576K
}
Event: 7.036 GC heap after
{Heap after GC invocations=21 (full 0):
 garbage-first heap   total 270336K, used 140560K [0x000000070c000000, 0x0000000800000000)
  region size 2048K, 5 young (10240K), 5 survivors (10240K)
 Metaspace       used 51856K, committed 52992K, reserved 1114112K
  class space    used 6559K, committed 7040K, reserved 1048576K
}
Event: 7.661 GC heap before
{Heap before GC invocations=21 (full 0):
 garbage-first heap   total 270336K, used 238864K [0x000000070c000000, 0x0000000800000000)
  region size 2048K, 54 young (110592K), 5 survivors (10240K)
 Metaspace       used 57973K, committed 59136K, reserved 1114112K
  class space    used 7833K, committed 8320K, reserved 1048576K
}
Event: 7.671 GC heap after
{Heap after GC invocations=22 (full 0):
 garbage-first heap   total 360448K, used 160842K [0x000000070c000000, 0x0000000800000000)
  region size 2048K, 7 young (14336K), 7 survivors (14336K)
 Metaspace       used 57973K, committed 59136K, reserved 1114112K
  class space    used 7833K, committed 8320K, reserved 1048576K
}
Event: 8.574 GC heap before
{Heap before GC invocations=23 (full 0):
 garbage-first heap   total 360448K, used 312394K [0x000000070c000000, 0x0000000800000000)
  region size 2048K, 81 young (165888K), 7 survivors (14336K)
 Metaspace       used 66360K, committed 67648K, reserved 1114112K
  class space    used 9459K, committed 9984K, reserved 1048576K
}
Event: 8.581 GC heap after
{Heap after GC invocations=24 (full 0):
 garbage-first heap   total 360448K, used 169405K [0x000000070c000000, 0x0000000800000000)
  region size 2048K, 4 young (8192K), 4 survivors (8192K)
 Metaspace       used 66360K, committed 67648K, reserved 1114112K
  class space    used 9459K, committed 9984K, reserved 1048576K
}

